# JRE version: OpenJDK Runtime Environment (8.0_242-b01) (build 1.8.0_242-release-1644-b01)
# Java VM: OpenJDK 64-Bit Server VM (25.242-b01 mixed mode windows-amd64 compressed oops)
Heap:
 PSYoungGen      total 116736K, used 71794K [0x00000000f5580000, 0x0000000100000000, 0x0000000100000000)
  eden space 58880K, 100% used [0x00000000f5580000,0x00000000f8f00000,0x00000000f8f00000)
  from space 57856K, 22% used [0x00000000fc780000,0x00000000fd41c830,0x0000000100000000)
  to   space 57856K, 2% used [0x00000000f8f00000,0x00000000f9038000,0x00000000fc780000)
 ParOldGen       total 349696K, used 212109K [0x00000000e0000000, 0x00000000f5580000, 0x00000000f5580000)
  object space 349696K, 60% used [0x00000000e0000000,0x00000000ecf27488,0x00000000f5580000)
 Metaspace       used 95320K, capacity 99664K, committed 99928K, reserved 1136640K
  class space    used 12523K, capacity 13353K, committed 13440K, reserved 1048576K
GC Heap History (10 events):
Event: 79.418 GC heap before
{Heap before GC invocations=24 (full 4):
 PSYoungGen      total 116736K, used 74887K [0x00000000f5580000, 0x0000000100000000, 0x0000000100000000)
  eden space 58880K, 100% used [0x00000000f5580000,0x00000000f8f00000,0x00000000f8f00000)
  from space 57856K, 27% used [0x00000000f8f00000,0x00000000f9ea1dc0,0x00000000fc780000)
  to   space 57856K, 0% used [0x00000000fc780000,0x00000000fc780000,0x0000000100000000)
 ParOldGen       total 349696K, used 177756K [0x00000000e0000000, 0x00000000f5580000, 0x00000000f5580000)
  object space 349696K, 50% used [0x00000000e0000000,0x00000000ead97228,0x00000000f5580000)
 Metaspace       used 85544K, capacity 88986K, committed 89560K, reserved 1126400K
  class space    used 11186K, capacity 11880K, committed 12032K, reserved 1048576K
Event: 79.435 GC heap after
Heap after GC invocations=24 (full 4):
 PSYoungGen      total 116736K, used 2335K [0x00000000f5580000, 0x0000000100000000, 0x0000000100000000)
  eden space 58880K, 0% used [0x00000000f5580000,0x00000000f5580000,0x00000000f8f00000)
  from space 57856K, 4% used [0x00000000fc780000,0x00000000fc9c7e58,0x0000000100000000)
  to   space 57856K, 0% used [0x00000000f8f00000,0x00000000f8f00000,0x00000000fc780000)
 ParOldGen       total 349696K, used 193505K [0x00000000e0000000, 0x00000000f5580000, 0x00000000f5580000)
  object space 349696K, 55% used [0x00000000e0000000,0x00000000ebcf85c0,0x00000000f5580000)
 Metaspace       used 85544K, capacity 88986K, committed 89560K, reserved 1126400K
  class space    used 11186K, capacity 11880K, committed 12032K, reserved 1048576K
}
Event: 84.362 GC heap before
{Heap before GC invocations=25 (full 4):
 PSYoungGen      total 116736K, used 61215K [0x00000000f5580000, 0x0000000100000000, 0x0000000100000000)
  eden space 58880K, 100% used [0x00000000f5580000,0x00000000f8f00000,0x00000000f8f00000)
  from space 57856K, 4% used [0x00000000fc780000,0x00000000fc9c7e58,0x0000000100000000)
  to   space 57856K, 0% used [0x00000000f8f00000,0x00000000f8f00000,0x00000000fc780000)
 ParOldGen       total 349696K, used 193505K [0x00000000e0000000, 0x00000000f5580000, 0x00000000f5580000)
  object space 349696K, 55% used [0x00000000e0000000,0x00000000ebcf85c0,0x00000000f5580000)
 Metaspace       used 86395K, capacity 89800K, committed 90328K, reserved 1128448K
  class space    used 11264K, capacity 11929K, committed 12032K, reserved 1048576K
Event: 84.376 GC heap after
Heap after GC invocations=25 (full 4):
 PSYoungGen      total 116736K, used 7912K [0x00000000f5580000, 0x0000000100000000, 0x0000000100000000)
  eden space 58880K, 0% used [0x00000000f5580000,0x00000000f5580000,0x00000000f8f00000)
  from space 57856K, 13% used [0x00000000f8f00000,0x00000000f96ba390,0x00000000fc780000)
  to   space 57856K, 0% used [0x00000000fc780000,0x00000000fc780000,0x0000000100000000)
 ParOldGen       total 349696K, used 195638K [0x00000000e0000000, 0x00000000f5580000, 0x00000000f5580000)
  object space 349696K, 55% used [0x00000000e0000000,0x00000000ebf0d910,0x00000000f5580000)
 Metaspace       used 86395K, capacity 89800K, committed 90328K, reserved 1128448K
  class space    used 11264K, capacity 11929K, committed 12032K, reserved 1048576K
}
Event: 86.173 GC heap before
{Heap before GC invocations=26 (full 4):
 PSYoungGen      total 116736K, used 66792K [0x00000000f5580000, 0x0000000100000000, 0x0000000100000000)
  eden space 58880K, 100% used [0x00000000f5580000,0x00000000f8f00000,0x00000000f8f00000)
  from space 57856K, 13% used [0x00000000f8f00000,0x00000000f96ba390,0x00000000fc780000)
  to   space 57856K, 0% used [0x00000000fc780000,0x00000000fc780000,0x0000000100000000)
 ParOldGen       total 349696K, used 195638K [0x00000000e0000000, 0x00000000f5580000, 0x00000000f5580000)
  object space 349696K, 55% used [0x00000000e0000000,0x00000000ebf0d910,0x00000000f5580000)
 Metaspace       used 86451K, capacity 89890K, committed 90328K, reserved 1128448K
  class space    used 11269K, capacity 11932K, committed 12032K, reserved 1048576K
Event: 86.195 GC heap after
Heap after GC invocations=26 (full 4):
 PSYoungGen      total 116736K, used 3296K [0x00000000f5580000, 0x0000000100000000, 0x0000000100000000)
  eden space 58880K, 0% used [0x00000000f5580000,0x00000000f5580000,0x00000000f8f00000)
  from space 57856K, 5% used [0x00000000fc780000,0x00000000fcab8000,0x0000000100000000)
  to   space 57856K, 0% used [0x00000000f8f00000,0x00000000f8f00000,0x00000000fc780000)
 ParOldGen       total 349696K, used 202615K [0x00000000e0000000, 0x00000000f5580000, 0x00000000f5580000)
  object space 349696K, 57% used [0x00000000e0000000,0x00000000ec5dde30,0x00000000f5580000)
 Metaspace       used 86451K, capacity 89890K, committed 90328K, reserved 1128448K
  class space    used 11269K, capacity 11932K, committed 12032K, reserved 1048576K
}
Event: 92.003 GC heap before
{Heap before GC invocations=27 (full 4):
 PSYoungGen      total 116736K, used 62176K [0x00000000f5580000, 0x0000000100000000, 0x0000000100000000)
  eden space 58880K, 100% used [0x00000000f5580000,0x00000000f8f00000,0x00000000f8f00000)
  from space 57856K, 5% used [0x00000000fc780000,0x00000000fcab8000,0x0000000100000000)
  to   space 57856K, 0% used [0x00000000f8f00000,0x00000000f8f00000,0x00000000fc780000)
 ParOldGen       total 349696K, used 202615K [0x00000000e0000000, 0x00000000f5580000, 0x00000000f5580000)
  object space 349696K, 57% used [0x00000000e0000000,0x00000000ec5dde30,0x00000000f5580000)
 Metaspace       used 87253K, capacity 90710K, committed 91224K, reserved 1128448K
  class space    used 11370K, capacity 12016K, committed 12160K, reserved 1048576K
Event: 92.025 GC heap after
Heap after GC invocations=27 (full 4):
 PSYoungGen      total 116736K, used 3279K [0x00000000f5580000, 0x0000000100000000, 0x0000000100000000)
  eden space 58880K, 0% used [0x00000000f5580000,0x00000000f5580000,0x00000000f8f00000)
  from space 57856K, 5% used [0x00000000f8f00000,0x00000000f9233ec0,0x00000000fc780000)
  to   space 57856K, 0% used [0x00000000fc780000,0x00000000fc780000,0x0000000100000000)
 ParOldGen       total 349696K, used 205538K [0x00000000e0000000, 0x00000000f5580000, 0x00000000f5580000)
  object space 349696K, 58% used [0x00000000e0000000,0x00000000ec8b8920,0x00000000f5580000)
 Metaspace       used 87253K, capacity 90710K, committed 91224K, reserved 1128448K
  class space    used 11370K, capacity 12016K, committed 12160K, reserved 1048576K
}
Event: 94.151 GC heap before
{Heap before GC invocations=28 (full 4):
 PSYoungGen      total 116736K, used 62159K [0x00000000f5580000, 0x0000000100000000, 0x0000000100000000)
  eden space 58880K, 100% used [0x00000000f5580000,0x00000000f8f00000,0x00000000f8f00000)
  from space 57856K, 5% used [0x00000000f8f00000,0x00000000f9233ec0,0x00000000fc780000)
  to   space 57856K, 0% used [0x00000000fc780000,0x00000000fc780000,0x0000000100000000)
 ParOldGen       total 349696K, used 205538K [0x00000000e0000000, 0x00000000f5580000, 0x00000000f5580000)
  object space 349696K, 58% used [0x00000000e0000000,0x00000000ec8b8920,0x00000000f5580000)
 Metaspace       used 90390K, capacity 94246K, committed 94424K, reserved 1130496K
  class space    used 11821K, capacity 12538K, committed 12544K, reserved 1048576K
Event: 94.187 GC heap after
Heap after GC invocations=28 (full 4):
 PSYoungGen      total 116736K, used 12914K [0x00000000f5580000, 0x0000000100000000, 0x0000000100000000)
  eden space 58880K, 0% used [0x00000000f5580000,0x00000000f5580000,0x00000000f8f00000)
  from space 57856K, 22% used [0x00000000fc780000,0x00000000fd41c830,0x0000000100000000)
  to   space 57856K, 0% used [0x00000000f8f00000,0x00000000f8f00000,0x00000000fc780000)
 ParOldGen       total 349696K, used 208090K [0x00000000e0000000, 0x00000000f5580000, 0x00000000f5580000)
  object space 349696K, 59% used [0x00000000e0000000,0x00000000ecb369b0,0x00000000f5580000)
 Metaspace       used 90390K, capacity 94246K, committed 94424K, reserved 1130496K
  class space    used 11821K, capacity 12538K, committed 12544K, reserved 1048576K
}

